==========================================
SLURM_CLUSTER_NAME = paramhimalaya
SLURM_ARRAY_JOB_ID = 
SLURM_ARRAY_TASK_ID = 
SLURM_ARRAY_TASK_COUNT = 
SLURM_ARRAY_TASK_MAX = 
SLURM_ARRAY_TASK_MIN = 
SLURM_JOB_ACCOUNT = iitmandi
SLURM_JOB_ID = 694150
SLURM_JOB_NAME = sub16.sh
SLURM_JOB_NODELIST = cn038
SLURM_JOB_USER = shambhavij.sps.iitmandi
SLURM_JOB_UID = 46220
SLURM_JOB_PARTITION = standard
SLURM_TASK_PID = 30247
SLURM_SUBMIT_DIR = /scratch/shambhavij.sps.iitmandi/SCoPE/new_mcmc/Standard_param_6-main
SLURM_CPUS_ON_NODE = 5
SLURM_NTASKS = 5
SLURM_TASK_PID = 30247
==========================================
Loaded configuration from param.ini.
Task Array Size: 68
Loaded configuration from param.ini.
Task Array Size: 68
Loaded configuration from param.ini.
Task Array Size: 68
Myrank : 1My rank is here 1
This is a test
Loaded configuration from param.ini.
Task Array Size: 68
Myrank : 2My rank is here 2
Myrank : 3My rank is here 3
This is a test
This is a test
Myrank : 0
Restart = 0Chain Param 0: Omega_m_h2 [0.080, 0.240]
Chain Param 1: Omega_b_h2 [0.016, 0.030]
Chain Param 2: h [0.600, 0.800]
Chain Param 3: tau [0.010, 0.200]
Chain Param 4: n_s [0.800, 1.200]
Chain Param 5: A_s [2.500, 3.200]
Chain Param 6: A_ps_100 [50.000, 350.000]
Chain Param 7: A_ps_143 [20.000, 90.000]
Chain Param 8: A_ps_217 [50.000, 200.000]
Chain Param 9: A_cib_143 [0.000, 20.000]
Chain Param 10: A_cib_217 [0.000, 100.000]
Chain Param 11: A_sz [0.000, 20.000]
Chain Param 12: r_ps [0.000, 1.000]
Chain Param 13: r_cib [0.000, 1.000]
Chain Param 14: n_Dl_cib [-1.000, 2.000]
Chain Param 15: cal_100 [0.980, 1.020]
Chain Param 16: cal_217 [0.950, 1.050]
Chain Param 17: xi_sz_cib [0.000, 1.000]
Chain Param 18: A_ksz [0.000, 10.000]
Chain Param 19: Bm_1_1 [-5.000, 5.000]
Hi I am here
 0) 2.144300e-01   2.152136e-02   7.566198e-01   1.617036e-01   1.164659e+00   2.638286e+00   1.505668e+02   7.377607e+01   9.166621e+01   1.107940e+01   4.773971e+01   1.257742e+01   3.647845e-01   5.134009e-01   1.856689e+00   1.016648e+00   1.013571e+00   7.172969e-01   1.416026e+00   1.069689e+00   0.000000e+00   
 1) 1.188619e-01   1.792124e-02   7.608354e-01   3.976903e-02   9.603778e-01   2.590853e+00   8.264264e+01   8.992472e+01   8.273854e+01   1.025865e+01   8.391122e+01   1.225280e+01   2.960316e-01   6.375523e-01   5.728616e-01   9.997433e-01   1.047278e+00   2.925168e-01   7.713577e+00   2.674498e-01   0.000000e+00   
 2) 1.440366e-01   2.848141e-02   6.566629e-01   7.696709e-02   1.123090e+00   3.143319e+00   7.092658e+01   8.645290e+01   1.288993e+02   1.721117e+00   1.922138e+01   1.326454e+01   8.902326e-01   3.488929e-01   -8.074860e-01   9.808009e-01   9.957702e-01   6.309584e-02   2.382800e+00   4.706341e+00   0.000000e+00   
Loaded configuration from param.ini.
Task Array Size: 68
Myrank : 4My rank is here 4
This is a test
 3) 2.161472e-01   1.973332e-02   7.079521e-01   8.128933e-02   1.104099e+00   2.858775e+00   2.503171e+02   5.721245e+01   5.589205e+01   8.752752e+00   9.318351e+01   1.861620e+01   7.209523e-01   2.842934e-01   1.215603e+00   1.005599e+00   9.854049e-01   6.878614e-01   1.659742e+00   -5.989547e-01   0.000000e+00   
 4) 2.126722e-01   2.062472e-02   6.457936e-01   1.797408e-01   9.401441e-01   2.980669e+00   3.369405e+02   6.120481e+01   1.485956e+02   1.717353e+01   4.395599e+01   1.847940e+01   3.984367e-01   8.147669e-01   1.052656e+00   1.016439e+00   9.982491e-01   2.158250e-01   9.502524e+00   4.201283e+00   0.000000e+00   
 5) 2.209699e-01   2.497513e-02   6.863907e-01   1.277233e-01   9.124238e-01   3.050201e+00   1.422374e+02   5.129235e+01   8.391599e+01   3.750662e+00   2.762347e+01   1.112888e+01   4.165013e-01   1.696071e-01   1.720412e+00   9.841268e-01   9.626075e-01   4.954441e-01   7.604752e+00   4.847517e+00   0.000000e+00   
 6) 1.895112e-01   2.136464e-02   7.499542e-01   8.004607e-02   9.176641e-01   2.662583e+00   2.253466e+02   3.710889e+01   7.285847e+01   1.464297e+01   1.254749e+01   1.586941e+01   1.641019e-01   7.450714e-01   -7.764106e-01   1.018004e+00   9.552529e-01   5.215634e-01   1.762107e+00   -2.599376e+00   0.000000e+00   
 7) 1.972247e-01   2.519189e-02   7.934810e-01   1.314971e-01   1.103894e+00   2.565436e+00   9.047072e+01   5.641470e+01   6.173482e+01   1.398128e+00   2.046551e+01   9.228409e+00   8.196773e-01   5.733186e-01   1.266743e+00   9.820776e-01   9.657807e-01   9.999936e-01   2.043286e+00   3.899556e+00   0.000000e+00   
 8) 2.396478e-01   1.675681e-02   7.741080e-01   2.374247e-02   8.016646e-01   3.146148e+00   2.281677e+02   3.262606e+01   7.446972e+01   7.833805e+00   9.130267e+01   1.639390e+01   3.590954e-01   5.524850e-01   7.382900e-01   9.981030e-01   1.018739e+00   9.964006e-02   5.308080e+00   2.572938e+00   0.000000e+00   
 9) 2.387566e-01   2.407760e-02   7.755228e-01   1.520838e-01   1.051564e+00   2.524795e+00   2.743409e+02   7.832670e+01   1.888065e+02   1.746543e+01   8.310375e+01   1.958868e+01   7.438112e-01   9.033663e-01   1.950787e+00   1.006675e+00   9.997259e-01   1.639680e-01   8.300118e+00   3.889488e+00   0.000000e+00   
 10) 1.839531e-01   1.947262e-02   7.258959e-01   5.353603e-02   1.080248e+00   2.721807e+00   1.486331e+02   3.619996e+01   6.112415e+01   1.266144e+01   2.236564e+01   1.302264e+01   5.106860e-01   9.714657e-01   -1.598740e-01   1.001844e+00   1.021927e+00   1.132806e-01   4.714834e+00   9.253992e-01   0.000000e+00   
 11) 1.521468e-01   2.070892e-02   7.695369e-01   9.255753e-02   8.012926e-01   2.741460e+00   2.295444e+02   7.832703e+01   8.508376e+01   1.350952e+01   4.829503e+01   9.638716e+00   3.049557e-01   7.120873e-01   -4.523326e-01   1.004873e+00   9.540864e-01   4.139837e-01   6.959838e+00   1.739365e+00   0.000000e+00   
 12) 1.355385e-01   1.858471e-02   7.218212e-01   1.291600e-01   1.092292e+00   2.729862e+00   2.721315e+02   3.415489e+01   1.881372e+02   1.369513e+01   6.531303e+01   5.145310e+00   5.324410e-01   8.764363e-02   -2.185092e-01   1.015095e+00   1.018612e+00   9.374024e-02   1.112756e+00   -1.383991e+00   0.000000e+00   
 13) 1.749138e-01   2.533179e-02   6.577556e-01   1.573958e-01   9.153518e-01   2.730749e+00   1.069253e+02   8.890542e+01   5.053679e+01   1.654782e+01   3.314791e+01   3.764021e+00   4.364970e-01   9.586370e-01   1.756791e+00   1.010595e+00   1.019908e+00   1.211432e-01   6.857858e+00   -1.161681e+00   0.000000e+00   
 14) 2.308882e-01   2.882782e-02   7.723834e-01   4.867416e-02   1.117463e+00   2.883629e+00   1.391865e+02   8.334527e+01   1.864464e+02   1.747958e+01   4.981439e+01   1.152399e+01   1.627567e-01   2.739112e-01   1.593737e+00   9.996960e-01   9.963662e-01   8.489422e-01   4.959774e+00   -2.089467e+00   0.000000e+00   
 15) 1.894686e-01   2.618570e-02   6.278116e-01   1.245907e-01   9.969687e-01   3.086694e+00   2.672756e+02   3.247453e+01   8.329483e+01   9.970510e+00   1.212588e+01   2.764769e+00   3.604426e-01   3.248070e-01   1.795686e+00   1.016339e+00   1.012210e+00   8.368278e-01   8.181276e+00   -3.925580e-02   0.000000e+00   
 16) 1.430923e-01   2.522364e-02   7.217766e-01   5.919216e-02   8.604920e-01   2.550782e+00   8.235448e+01   6.530452e+01   1.045397e+02   5.765390e+00   3.313858e+01   1.822972e+00   4.273277e-01   9.344946e-01   7.507109e-01   9.906185e-01   1.015875e+00   7.617778e-01   4.874269e+00   -3.427279e+00   0.000000e+00   
 17) 1.801065e-01   2.324801e-02   6.415687e-01   1.159365e-01   9.704798e-01   3.080957e+00   1.683165e+02   3.710289e+01   9.890202e+01   1.458720e+01   6.386541e+01   1.969689e+01   3.382429e-01   8.975603e-01   -5.917762e-01   9.964315e-01   9.505409e-01   7.832820e-01   7.743862e+00   -2.063219e+00   0.000000e+00   
 18) 2.184856e-01   2.609408e-02   6.098325e-01   9.532997e-02   1.194587e+00   2.995536e+00   1.132649e+02   5.317258e+01   1.797772e+02   1.878390e+00   9.955930e+00   7.657919e+00   3.017631e-01   6.571199e-01   1.427286e+00   9.852681e-01   9.551508e-01   5.342230e-02   4.577156e+00   2.808684e+00   0.000000e+00   
 19) 1.508096e-01   1.766756e-02   7.179273e-01   1.199406e-01   1.011960e+00   2.916532e+00   1.585751e+02   4.129998e+01   1.833085e+02   9.531693e+00   1.698203e+01   1.219458e+01   5.257471e-01   6.189254e-01   7.885887e-01   9.893462e-01   1.032981e+00   7.009020e-02   9.883742e-01   4.237278e+00   0.000000e+00   
 20) 1.570773e-01   1.915687e-02   7.653539e-01   6.525745e-02   9.428772e-01   3.114794e+00   1.532753e+02   7.704361e+01   1.488719e+02   7.265480e-01   2.574689e+01   1.556515e+01   6.259641e-01   8.361037e-01   -7.553035e-02   9.888404e-01   9.698021e-01   6.124420e-01   1.097327e+00   1.746052e+00   0.000000e+00   
 21) 1.951139e-01   1.880493e-02   6.802375e-01   6.997503e-02   9.736034e-01   2.661697e+00   1.657245e+02   5.729922e+01   7.320856e+01   1.110795e+01   1.457934e+00   7.604293e+00   3.821671e-01   3.054080e-01   1.212223e+00   9.904178e-01   1.014966e+00   5.523164e-01   9.195909e+00   1.859864e+00   0.000000e+00   
 22) 1.916557e-01   2.036731e-02   7.291778e-01   1.114091e-02   1.013184e+00   3.090737e+00   2.355340e+02   6.498848e+01   1.277772e+02   8.014181e+00   3.621543e+01   1.437734e+01   8.018967e-01   6.778124e-01   -5.413726e-01   9.813157e-01   9.563561e-01   6.857218e-01   1.876164e+00   1.189583e+00   0.000000e+00   
 23) 1.708530e-01   1.601576e-02   6.011418e-01   6.799538e-02   9.046281e-01   2.958758e+00   3.072666e+02   3.268128e+01   1.012032e+02   1.334681e+01   8.790094e+01   1.306610e+01   3.132296e-01   8.850142e-01   -4.412057e-01   9.862856e-01   1.000346e+00   8.289573e-01   6.756541e+00   4.041700e+00   0.000000e+00   
 24) 1.431234e-01   2.588493e-02   7.737848e-01   1.140054e-01   1.095584e+00   3.152739e+00   1.199357e+02   8.486031e+01   1.327164e+02   1.866840e+01   4.944069e+01   1.105137e+01   9.391292e-01   7.996457e-01   1.442416e+00   1.003780e+00   1.015720e+00   9.952999e-01   9.358517e+00   -1.754586e+00   0.000000e+00   
 25) 1.742651e-01   2.492879e-02   7.518647e-01   1.573301e-01   1.117964e+00   2.683949e+00   2.313136e+02   5.293949e+01   7.504319e+01   1.590981e+01   8.650855e+01   1.746043e+01   6.644144e-01   4.124826e-01   8.359422e-01   1.003876e+00   1.014560e+00   5.385565e-01   1.483419e+00   7.902151e-01   0.000000e+00   
 26) 1.921457e-01   2.325411e-02   7.665218e-01   1.078593e-01   8.450592e-01   2.842867e+00   2.031047e+02   2.339498e+01   1.721527e+02   7.693168e+00   6.376564e+01   9.042448e+00   1.439820e-01   4.130778e-01   -2.589024e-01   9.962707e-01   9.517457e-01   7.175967e-01   5.737212e+00   3.129470e+00   0.000000e+00   
 27) 1.514788e-01   2.268306e-02   7.990330e-01   2.115742e-02   8.297042e-01   2.948536e+00   2.291839e+02   3.558217e+01   8.296818e+01   1.260486e+01   9.235127e+01   1.475877e+01   4.628522e-01   4.385618e-01   1.551759e+00   1.018106e+00   1.044891e+00   8.990861e-01   7.670137e+00   -1.664308e+00   0.000000e+00   
 28) 1.150618e-01   2.268572e-02   7.899641e-01   9.857203e-02   1.153727e+00   3.177094e+00   1.051296e+02   5.206273e+01   1.670336e+02   1.532895e+01   9.047815e+01   5.151707e+00   7.616124e-01   9.635048e-01   -4.462617e-03   9.960952e-01   1.006078e+00   5.544482e-01   6.221666e+00   -3.089723e+00   0.000000e+00   
 29) 1.376168e-01   2.515432e-02   7.833045e-01   5.003140e-02   1.042617e+00   3.105803e+00   8.293331e+01   4.614891e+01   7.985041e+01   1.293040e+01   5.926919e+01   1.353108e+01   5.963405e-01   5.886049e-02   6.826153e-01   1.002545e+00   9.742626e-01   1.891075e-02   3.438414e+00   -4.909266e+00   0.000000e+00   
 30) 1.762283e-01   2.678960e-02   7.774394e-01   1.873218e-01   8.692259e-01   2.813587e+00   1.963162e+02   7.566619e+01   1.458514e+02   1.931363e+01   1.553364e+01   5.857782e+00   8.822043e-01   3.660279e-01   1.698294e+00   1.009906e+00   9.975806e-01   2.729871e-01   9.466405e+00   -3.776742e+00   0.000000e+00   
 31) 1.797111e-01   2.606133e-02   7.849079e-01   4.497258e-02   9.129135e-01   2.617016e+00   1.108931e+02   6.382876e+01   7.643582e+01   2.533385e+00   2.275519e+01   1.893849e+01   1.386626e-02   1.608244e-01   -6.400320e-01   9.984739e-01   1.014855e+00   9.152206e-01   1.008570e+00   1.142267e+00   0.000000e+00   
 32) 1.429994e-01   2.295003e-02   6.873170e-01   6.570370e-02   8.976275e-01   3.138673e+00   2.198493e+02   3.334964e+01   5.520745e+01   8.636870e+00   8.139037e+01   1.506765e+01   3.563830e-01   9.979699e-01   -8.930007e-01   1.000942e+00   9.700947e-01   6.617916e-01   6.997872e+00   -1.723839e+00   0.000000e+00   
 33) 1.834739e-01   2.078075e-02   6.100336e-01   1.556732e-01   1.121332e+00   2.989099e+00   2.545765e+02   8.329310e+01   9.694096e+01   1.504957e+01   2.979332e+01   1.618741e+01   1.890636e-01   5.911106e-01   -8.396818e-01   9.840582e-01   9.657275e-01   2.441486e-01   1.361705e+00   8.911861e-01   0.000000e+00   
 34) 2.223285e-01   2.923702e-02   6.112044e-01   1.857917e-01   9.876200e-01   2.679878e+00   2.261034e+02   3.181860e+01   1.376878e+02   9.527093e+00   8.155490e+01   1.852135e+01   5.265226e-01   5.822501e-01   1.188193e+00   9.890094e-01   9.764172e-01   6.335848e-01   5.381753e+00   -4.833494e+00   0.000000e+00   
 35) 1.356074e-01   1.888000e-02   7.045257e-01   8.618722e-02   9.228673e-01   2.975933e+00   2.435402e+02   5.103372e+01   9.035335e+01   1.406372e+01   3.328920e+01   4.290480e+00   7.592084e-01   2.581117e-01   1.050722e+00   9.806471e-01   1.034512e+00   8.524112e-01   6.007626e+00   -1.785225e+00   0.000000e+00   
 36) 1.642928e-01   2.787200e-02   6.500421e-01   5.868330e-02   8.292943e-01   2.860068e+00   3.169438e+02   6.279877e+01   1.296549e+02   1.642662e+01   9.589569e+01   1.473494e+01   3.439594e-01   3.599422e-01   -8.682541e-01   9.809545e-01   9.505076e-01   4.872542e-01   2.928856e+00   2.082625e+00   0.000000e+00   
 37) 1.611855e-01   2.254459e-02   6.156516e-01   4.628687e-02   9.934593e-01   3.146367e+00   6.301841e+01   2.590877e+01   8.672875e+01   1.422710e+01   6.112412e+01   1.857168e+00   9.615652e-01   8.674691e-01   -5.017178e-01   9.990379e-01   1.025728e+00   7.775050e-01   6.980115e-02   7.861257e-01   0.000000e+00   
 38) 1.989963e-01   2.891601e-02   6.192808e-01   1.596521e-01   1.178574e+00   2.571036e+00   1.324690e+02   3.675245e+01   1.714614e+02   1.900855e+00   7.467303e+01   5.544273e+00   1.733006e-01   9.377139e-01   1.282586e+00   9.838673e-01   1.048111e+00   8.452730e-01   3.415397e+00   1.924635e+00   0.000000e+00   
 39) 1.495037e-01   2.515640e-02   6.647966e-01   1.240935e-01   8.519904e-01   2.556886e+00   1.633991e+02   2.958693e+01   1.489816e+02   2.289181e+00   8.806832e+01   1.164899e+01   2.108632e-01   6.683255e-01   5.866545e-01   9.924937e-01   1.044322e+00   7.682056e-01   1.220862e+00   -4.617352e+00   0.000000e+00   
 40) 1.438880e-01   1.896192e-02   6.905300e-01   4.043076e-02   9.232987e-01   2.803631e+00   5.163047e+01   6.548506e+01   6.893328e+01   9.238981e+00   8.418464e+00   1.560501e+01   7.859323e-01   6.846768e-01   1.730680e+00   1.014688e+00   9.562674e-01   4.718261e-02   5.270750e+00   -3.228670e+00   0.000000e+00   
 41) 9.752393e-02   2.143195e-02   7.192383e-01   1.312978e-01   1.080136e+00   2.877589e+00   1.719845e+02   7.756981e+01   1.366517e+02   1.843102e+01   2.217258e+01   1.578487e+01   3.742008e-01   3.818877e-01   -7.075283e-01   1.012318e+00   9.887323e-01   7.472771e-01   9.341811e+00   3.492716e+00   0.000000e+00   
 42) 1.943091e-01   2.489285e-02   7.032277e-01   1.286851e-01   1.000961e+00   2.905169e+00   2.515522e+02   2.206334e+01   1.633918e+02   1.199413e+01   1.390008e+01   2.878833e+00   1.958979e-01   7.774102e-01   1.532844e+00   1.009412e+00   9.684025e-01   6.667071e-01   3.129895e+00   -3.944237e+00   0.000000e+00   
 43) 9.635732e-02   2.271688e-02   6.540641e-01   4.794753e-02   9.150946e-01   2.960350e+00   3.341003e+02   3.553423e+01   1.260372e+02   1.556925e+01   9.363492e+01   2.842371e+00   2.946013e-01   5.610074e-01   9.335595e-01   1.014937e+00   9.732848e-01   6.739961e-01   6.293593e+00   3.325547e+00   0.000000e+00   
 44) 2.037282e-01   1.639834e-02   7.180814e-01   1.273406e-01   1.105506e+00   3.042103e+00   1.352868e+02   2.537274e+01   1.820013e+02   3.454443e+00   1.789866e+01   7.195717e+00   4.430426e-01   3.787105e-01   9.425667e-01   9.840274e-01   9.825711e-01   8.694398e-01   6.076003e+00   -3.958258e+00   0.000000e+00   
 45) 1.999550e-01   2.158286e-02   6.733593e-01   8.490536e-02   9.088757e-01   2.919751e+00   7.047044e+01   8.310840e+01   1.148299e+02   1.762463e+01   6.748496e+01   9.213033e+00   4.716388e-01   2.924317e-01   -3.267536e-01   9.898428e-01   1.007672e+00   3.011689e-01   1.260799e+00   2.494432e+00   0.000000e+00   
 46) 1.577385e-01   1.869480e-02   7.717732e-01   3.534372e-02   9.172686e-01   2.629204e+00   5.084834e+01   8.305403e+01   9.331274e+01   1.617234e+01   6.504907e+01   1.375054e+01   1.754131e-01   4.472947e-02   1.879149e+00   1.011002e+00   9.612964e-01   8.612650e-01   2.072567e+00   4.941960e+00   0.000000e+00   
 47) 1.868653e-01   2.252169e-02   7.657093e-01   1.795415e-01   1.084762e+00   2.783687e+00   1.080478e+02   7.865901e+01   7.320658e+01   1.347296e+01   3.238517e+01   6.943926e+00   5.325141e-01   4.572397e-01   9.211033e-01   1.008684e+00   9.960067e-01   5.411396e-01   5.843192e-02   -2.313158e+00   0.000000e+00   
 48) 1.909392e-01   2.221736e-02   6.472720e-01   1.340865e-01   8.876620e-01   2.744527e+00   2.043055e+02   4.984881e+01   1.015280e+02   1.009325e+00   9.431988e+00   1.618710e+01   8.790126e-01   9.866437e-01   5.637824e-01   9.913712e-01   9.680136e-01   3.592467e-01   4.389904e+00   3.537845e+00   0.000000e+00   
 49) 2.057899e-01   2.140818e-02   6.280676e-01   9.104536e-02   8.413561e-01   2.920284e+00   3.403082e+02   2.764634e+01   1.803635e+02   3.186488e+00   8.026037e+01   6.263740e+00   3.956842e-01   4.556904e-01   5.970257e-01   1.009800e+00   1.047004e+00   9.587535e-01   8.852830e-01   -4.794916e+00   0.000000e+00   
 50) 2.236613e-01   2.859329e-02   6.079434e-01   8.963734e-02   8.735203e-01   2.653897e+00   2.835172e+02   6.359539e+01   6.104568e+01   9.229778e+00   4.089781e+01   9.198730e+00   6.018269e-01   8.355326e-01   6.899802e-01   9.880893e-01   1.030323e+00   6.725602e-01   7.132201e-01   4.625511e+00   0.000000e+00   
 51) 1.415214e-01   2.101529e-02   7.861709e-01   1.842017e-01   8.412974e-01   3.130627e+00   3.126813e+02   3.342403e+01   1.882107e+02   1.857355e+01   8.965499e+00   1.641851e+01   9.683947e-01   5.087989e-01   -9.858205e-01   9.875299e-01   9.787189e-01   6.275178e-01   2.618859e+00   2.486784e+00   0.000000e+00   
 52) 1.954916e-01   2.090707e-02   7.744057e-01   6.417834e-02   1.021095e+00   2.972679e+00   3.373128e+02   6.368417e+01   1.456709e+02   8.657464e+00   8.568615e-01   1.992083e+01   3.637275e-01   9.254195e-01   -7.021446e-01   9.905850e-01   1.030102e+00   2.910570e-01   1.860285e+00   2.297016e+00   0.000000e+00   
 53) 8.111267e-02   2.577335e-02   7.779022e-01   1.221933e-02   1.154538e+00   2.623690e+00   2.417596e+02   3.037612e+01   1.888068e+02   1.351389e+01   8.700527e+01   5.517679e+00   5.477228e-01   1.552019e-01   1.485865e+00   9.889191e-01   9.612911e-01   4.526812e-01   8.607842e+00   4.578443e-01   0.000000e+00   
 54) 2.170921e-01   2.873317e-02   6.773339e-01   1.916611e-01   8.696543e-01   2.631385e+00   1.241504e+02   4.521150e+01   1.876092e+02   1.255760e+01   3.671185e+01   1.230982e+01   5.173907e-01   3.787992e-01   5.055060e-01   1.007764e+00   9.517998e-01   6.500656e-01   6.194698e+00   1.936921e+00   0.000000e+00   
 55) 2.232566e-01   1.937981e-02   7.350640e-01   1.475553e-01   9.857572e-01   3.051762e+00   1.029969e+02   4.276240e+01   1.001024e+02   1.275812e+01   1.820029e+01   4.870554e+00   2.457550e-02   1.381137e-01   2.529903e-01   9.884907e-01   9.885282e-01   7.778277e-01   1.296634e+00   -4.868385e+00   0.000000e+00   
 56) 1.992247e-01   2.342773e-02   7.047491e-01   5.692805e-02   8.898573e-01   2.879220e+00   3.191166e+02   7.908791e+01   8.531526e+01   8.343472e+00   7.394667e+01   9.537000e+00   9.249374e-02   4.634420e-01   1.823729e+00   1.015229e+00   1.014010e+00   2.664200e-01   2.147409e+00   -2.219954e+00   0.000000e+00   
 57) 1.533230e-01   2.023612e-02   7.173073e-01   1.764271e-01   1.005940e+00   3.180273e+00   2.461279e+02   6.511585e+01   1.977469e+02   1.597412e+01   3.896666e+01   1.031064e+01   3.224512e-01   6.366563e-01   1.220525e+00   1.014568e+00   1.003371e+00   5.842881e-01   9.962934e-01   4.508853e+00   0.000000e+00   
 58) 1.722367e-01   1.660731e-02   7.574394e-01   1.083672e-01   1.169642e+00   2.799107e+00   2.852427e+02   2.971915e+01   1.557950e+02   4.651301e+00   5.971135e+01   1.576017e-01   8.191016e-01   4.730455e-01   5.681867e-01   1.011637e+00   9.626805e-01   1.672411e-01   7.758994e+00   4.255111e+00   0.000000e+00   
 59) 1.266290e-01   1.947147e-02   6.387128e-01   1.600521e-02   8.448626e-01   3.009093e+00   2.347683e+02   3.482501e+01   1.517241e+02   1.879299e+01   7.882653e+01   1.443080e+01   7.268462e-01   3.059875e-01   9.369323e-01   9.861657e-01   9.590130e-01   7.844891e-01   8.594414e+00   -1.773052e+00   0.000000e+00   
 60) 2.187714e-01   1.798515e-02   7.709296e-01   8.410957e-02   1.173086e+00   3.187017e+00   2.171874e+02   6.960309e+01   1.860447e+02   2.283983e+00   4.687766e-03   3.098533e+00   3.077632e-01   3.165323e-02   -1.987504e-01   9.814016e-01   1.014755e+00   4.788691e-01   7.131999e+00   8.719700e-01   0.000000e+00   
 61) 1.495584e-01   2.039660e-02   7.146244e-01   2.527297e-02   9.872738e-01   2.964276e+00   3.094619e+02   4.293382e+01   1.978919e+02   4.929513e+00   1.949475e+01   2.554854e+00   1.011237e-01   5.849979e-01   -8.186234e-01   9.833031e-01   9.642289e-01   7.690745e-01   9.895413e+00   -2.435115e+00   0.000000e+00   
 62) 1.031149e-01   2.389952e-02   7.601549e-01   8.819472e-02   1.039716e+00   2.813826e+00   3.171261e+02   4.187434e+01   5.532789e+01   3.151094e+00   7.472306e+01   6.991249e+00   7.306765e-01   8.276146e-01   1.453241e+00   9.957571e-01   1.019249e+00   1.453731e-01   3.798744e+00   4.389633e+00   0.000000e+00   
 63) 1.612187e-01   1.656122e-02   7.850637e-01   1.179344e-01   8.490656e-01   2.547325e+00   1.511451e+02   2.785437e+01   9.861445e+01   2.125437e+00   2.566733e+01   1.776696e+01   9.070465e-01   6.682245e-01   4.629163e-01   9.942147e-01   1.005864e+00   8.001294e-01   3.908880e+00   2.161995e+00   0.000000e+00   
 64) 1.984721e-01   2.225626e-02   6.749949e-01   1.160575e-01   1.136322e+00   2.547224e+00   2.610712e+02   3.544750e+01   5.096384e+01   8.778257e-01   7.282957e+01   9.302534e-01   9.692098e-01   2.963717e-01   -4.924699e-01   9.814727e-01   1.013352e+00   2.813821e-01   3.609139e+00   2.397940e+00   0.000000e+00   
 65) 1.198819e-01   2.505577e-02   6.412560e-01   1.500112e-01   8.008837e-01   3.035447e+00   2.111091e+02   4.751681e+01   1.221686e+02   1.687803e+00   1.335478e+01   1.856000e+01   4.593647e-01   6.917453e-01   1.306413e+00   1.001073e+00   9.895316e-01   9.894828e-01   5.332526e+00   -6.079270e-01   0.000000e+00   
 66) 1.727624e-01   2.171784e-02   6.028300e-01   1.522990e-01   9.780939e-01   2.953371e+00   5.909721e+01   7.643040e+01   1.081200e+02   1.136759e+01   5.541064e+00   6.861364e-01   7.746593e-01   7.923115e-01   -8.904519e-01   1.001583e+00   9.829342e-01   4.296133e-01   2.070806e-01   -8.626817e-01   0.000000e+00   
 67) 2.317933e-01   2.822335e-02   6.509813e-01   1.463274e-01   9.599694e-01   2.955156e+00   2.620986e+02   8.532233e+01   6.341446e+01   8.495475e+00   5.129414e+01   9.956936e+00   4.389239e-01   2.618834e-01   1.829244e+00   9.834638e-01   9.792207e-01   7.492301e-01   4.740626e+00   3.605868e+00   0.000000e+00   
 68) 1.613391e-01   2.489345e-02   7.193904e-01   1.135282e-01   8.699320e-01   3.148406e+00   3.423496e+02   3.368766e+01   1.010038e+02   1.075320e+01   1.442463e+01   4.262444e+00   7.925662e-01   8.617587e-01   8.391373e-01   9.977115e-01   1.006875e+00   5.462219e-01   5.322183e+00   4.935277e+00   0.000000e+00   
 69) 8.481042e-02   2.205432e-02   6.642093e-01   1.948978e-01   1.007619e+00   2.929278e+00   2.667130e+02   8.951773e+01   1.210761e+02   1.054035e+01   5.014798e+01   2.181740e+00   1.239695e-01   4.636519e-02   -1.482490e-01   9.820105e-01   9.520864e-01   4.794551e-01   3.902889e+00   5.852371e-01   0.000000e+00   
 70) 1.765458e-01   2.091526e-02   6.970920e-01   5.112680e-02   1.117551e+00   2.537950e+00   2.788036e+02   4.282678e+01   5.716126e+01   1.643684e+01   3.561620e+01   9.603867e+00   1.428888e-01   3.293085e-01   1.997724e+00   1.010246e+00   9.551685e-01   9.923516e-01   2.299838e+00   7.870247e-01   0.000000e+00   
 71) 1.342513e-01   2.583741e-02   7.080393e-01   1.283677e-01   1.101174e+00   2.892742e+00   8.073287e+01   3.002569e+01   6.793762e+01   1.452288e+01   7.466352e+01   9.413481e+00   2.116043e-01   9.630921e-01   -2.063424e-01   9.906327e-01   1.022577e+00   5.906494e-01   3.135601e+00   4.761296e-01   0.000000e+00   
 72) 2.070006e-01   2.566702e-02   6.552240e-01   1.606690e-01   9.786579e-01   2.729464e+00   2.856039e+02   6.736399e+01   1.859761e+02   5.583550e+00   1.569924e+00   1.218359e+01   8.193740e-01   6.386871e-01   8.634400e-02   9.952174e-01   1.024113e+00   5.053388e-01   5.000186e+00   -3.272583e-01   0.000000e+00   
 73) 2.353108e-01   2.550430e-02   6.430132e-01   5.469658e-02   1.177879e+00   3.158586e+00   2.977684e+02   3.807798e+01   1.232675e+02   1.545412e+01   5.201032e+00   3.579034e+00   4.882581e-02   8.450050e-01   8.767890e-01   9.950652e-01   1.013035e+00   3.022248e-01   2.831384e+00   4.095287e+00   0.000000e+00   
 74) 2.227708e-01   2.620464e-02   7.913222e-01   5.834217e-02   8.437349e-01   2.988419e+00   2.779314e+02   6.265490e+01   7.475228e+01   2.349059e-01   5.800484e+01   1.687787e+01   2.268114e-01   8.152936e-01   1.365771e+00   9.867059e-01   1.014119e+00   4.684729e-02   6.560984e+00   -8.610592e-01   0.000000e+00   
 75) 2.136080e-01   2.247808e-02   7.887725e-01   9.752283e-02   1.135740e+00   2.901950e+00   2.788614e+02   2.857424e+01   1.225614e+02   1.615905e+00   1.480690e+00   4.252901e+00   3.740634e-02   2.692394e-01   -3.405335e-02   1.009406e+00   9.529011e-01   9.313380e-01   9.001625e+00   -4.592441e+00   0.000000e+00   
 76) 1.990490e-01   1.974594e-02   6.653360e-01   1.112028e-01   9.740863e-01   3.177508e+00   2.238482e+02   2.639200e+01   1.072643e+02   1.356703e+01   9.263644e+01   1.688964e+01   6.222140e-01   3.870108e-01   1.051498e+00   9.878571e-01   9.649882e-01   8.063219e-01   6.801701e+00   -2.693226e+00   0.000000e+00   
 77) 2.228504e-01   1.975317e-02   6.180736e-01   5.081150e-02   8.012924e-01   2.583565e+00   9.384061e+01   8.323755e+01   7.402020e+01   1.315043e+01   6.474497e+01   8.554041e+00   9.842016e-01   1.800963e-01   1.588754e+00   1.018083e+00   1.025959e+00   9.542321e-01   3.338319e+00   -6.205836e-01   0.000000e+00   
 78) 1.085302e-01   1.684218e-02   6.535215e-01   1.738079e-01   9.026334e-01   2.792243e+00   2.505406e+02   8.557275e+01   1.472250e+02   9.791947e+00   8.295687e+01   1.832501e+01   5.799655e-01   4.436609e-02   1.758444e+00   1.007974e+00   9.690501e-01   8.228751e-01   8.594789e+00   3.480232e+00   0.000000e+00   
 79) 1.259490e-01   2.765115e-02   7.300842e-01   3.851878e-02   1.113718e+00   2.787008e+00   8.129928e+01   2.826885e+01   1.771929e+02   1.969855e+01   2.964403e+01   1.816217e+01   2.525347e-01   1.585870e-01   -5.059240e-01   1.006801e+00   1.032706e+00   1.014455e-01   3.181908e+00   -1.833470e+00   0.000000e+00   
 80) 1.175106e-01   2.855266e-02   7.950761e-01   3.924533e-02   1.038385e+00   2.616117e+00   3.430393e+02   5.188091e+01   5.208574e+01   8.942453e+00   7.426226e+01   1.692259e+01   9.754373e-02   8.927214e-01   8.912728e-01   1.000302e+00   1.049705e+00   7.485507e-01   3.555079e+00   4.819798e+00   0.000000e+00   
 81) 1.221786e-01   1.928320e-02   6.407156e-01   9.137862e-02   1.161815e+00   2.521444e+00   2.089262e+02   3.559105e+01   1.020930e+02   9.215365e+00   4.571706e+01   4.878101e+00   4.361486e-01   6.110934e-01   1.519603e+00   1.004081e+00   1.008789e+00   2.953094e-01   6.159353e+00   -4.649862e+00   0.000000e+00   
 82) 1.539304e-01   1.785581e-02   7.861307e-01   2.757296e-02   1.056045e+00   3.149394e+00   3.023120e+02   8.969343e+01   1.864528e+02   1.772062e+01   2.592370e+01   2.884000e+00   8.960901e-02   6.875455e-01   -8.537844e-01   9.848097e-01   9.717300e-01   2.714679e-01   4.675293e+00   1.780678e+00   0.000000e+00   
 83) 1.938295e-01   1.759903e-02   6.679464e-01   1.147474e-01   1.086499e+00   3.149336e+00   3.039834e+02   4.325274e+01   1.943955e+02   1.769087e+01   7.942471e+01   1.903890e+00   8.151968e-01   8.867363e-01   1.205921e+00   1.009716e+00   1.022778e+00   7.309276e-01   6.525881e+00   1.138072e+00   0.000000e+00   
 84) 2.074861e-01   2.584783e-02   7.355420e-01   1.706501e-01   1.129464e+00   3.126507e+00   8.509836e+01   4.038318e+01   1.359616e+02   1.691266e+01   2.622577e-01   1.374588e+01   1.853649e-01   5.539247e-01   2.106218e-01   9.845195e-01   9.900536e-01   7.357227e-01   7.562485e-01   -2.149204e+00   0.000000e+00   
 85) 1.073311e-01   1.740387e-02   6.833412e-01   1.821640e-01   1.137272e+00   2.601138e+00   2.411162e+02   5.470370e+01   1.637434e+02   1.254437e+01   2.925553e+01   9.234116e+00   3.049286e-01   1.380820e-01   -1.439058e-01   9.879975e-01   9.755076e-01   5.765529e-01   7.730156e+00   -3.992905e+00   0.000000e+00   
 86) 1.536495e-01   2.000504e-02   6.266200e-01   1.741315e-01   9.596249e-01   2.873545e+00   2.298718e+02   5.322810e+01   1.728074e+02   2.590848e+00   6.455065e+01   1.837985e+01   5.462484e-01   5.516329e-01   1.286514e+00   1.007629e+00   9.688687e-01   2.579386e-01   4.490203e+00   3.159054e+00   0.000000e+00   
 87) 2.257162e-01   1.769167e-02   7.377152e-01   4.725726e-02   9.283088e-01   3.160557e+00   2.817931e+02   2.656514e+01   5.665428e+01   7.036385e+00   5.540971e+01   6.608724e+00   4.849195e-01   4.179471e-01   1.188496e+00   9.807422e-01   9.517520e-01   2.041857e-01   8.372718e+00   -3.529378e+00   0.000000e+00   
 88) 2.010023e-01   2.570635e-02   6.802650e-01   1.085028e-01   9.536165e-01   2.913008e+00   2.829122e+02   7.831431e+01   1.108876e+02   6.537360e+00   7.437877e+01   1.053502e+01   1.544387e-02   9.398786e-01   1.542570e+00   1.018364e+00   1.021252e+00   9.413109e-01   3.458079e-02   -4.356584e+00   0.000000e+00   
 89) 1.334231e-01   2.368965e-02   7.826710e-01   2.204463e-02   1.027127e+00   3.151612e+00   1.302735e+02   4.835621e+01   6.169056e+01   2.345413e+00   1.613528e+01   1.542495e+01   5.185957e-01   6.797884e-01   -5.341331e-01   9.843443e-01   9.956162e-01   9.883506e-01   5.145249e+00   2.830305e+00   0.000000e+00   
 90) 8.660417e-02   2.717864e-02   7.344034e-01   1.788719e-01   1.103028e+00   2.769177e+00   2.990331e+02   7.327201e+01   1.173321e+02   6.510364e+00   9.492297e+00   1.996284e+01   2.388733e-01   1.583158e-01   6.978762e-01   9.867899e-01   9.925894e-01   9.710474e-01   2.476853e+00   4.316487e-01   0.000000e+00   
 91) 8.302926e-02   1.686465e-02   7.624377e-01   4.310216e-02   8.681473e-01   2.687846e+00   9.877175e+01   6.794251e+01   5.770724e+01   1.789422e+01   7.261690e+01   1.699712e+01   5.667278e-01   6.149684e-01   8.222796e-01   1.018051e+00   9.945079e-01   3.684552e-01   4.001478e+00   2.705968e+00   0.000000e+00   
 92) 1.437263e-01   1.613258e-02   7.243388e-01   1.932072e-01   8.716873e-01   2.533312e+00   3.305887e+02   4.988325e+01   1.386130e+02   1.353920e+00   4.458365e+01   1.305027e+01   8.798846e-01   6.200584e-01   1.468645e+00   9.859294e-01   1.028263e+00   5.077748e-01   1.996173e+00   1.773417e+00   0.000000e+00   
 93) 8.791571e-02   1.941697e-02   7.697824e-01   1.348109e-01   8.781346e-01   2.705794e+00   5.760648e+01   6.168390e+01   5.968814e+01   9.774662e+00   9.937739e+01   1.481154e+00   1.104271e-01   9.580223e-01   -2.401719e-01   9.863206e-01   1.039332e+00   6.801796e-01   7.487683e+00   4.610141e+00   0.000000e+00   
 94) 1.442051e-01   2.777258e-02   7.492149e-01   5.259110e-02   1.195654e+00   2.870094e+00   2.695815e+02   3.321262e+01   8.090707e+01   1.931765e+01   2.382248e+01   9.002332e+00   8.147945e-01   8.951246e-01   9.363592e-01   9.843514e-01   1.042048e+00   2.409373e-01   1.733728e+00   -9.078740e-01   0.000000e+00   
 95) 1.195889e-01   2.327496e-02   6.385467e-01   1.051342e-01   1.071062e+00   2.560236e+00   1.042659e+02   4.984963e+01   5.705987e+01   6.138046e+00   8.277052e+01   1.775929e+01   5.297681e-02   5.186888e-02   1.631297e+00   1.003267e+00   1.028381e+00   6.585056e-02   7.877293e+00   2.496897e+00   0.000000e+00   
 96) 1.180553e-01   2.390278e-02   6.398400e-01   1.778268e-01   1.069308e+00   2.583776e+00   8.727088e+01   7.926495e+01   1.293338e+02   7.178950e+00   9.407268e+00   9.706348e-01   5.516811e-01   5.947792e-01   1.178560e+00   1.005509e+00   1.027567e+00   1.526099e-01   6.847985e+00   -4.174323e+00   0.000000e+00   
 97) 1.716421e-01   1.789762e-02   6.064368e-01   9.547377e-02   1.086891e+00   3.071194e+00   2.047138e+02   5.534692e+01   1.348521e+02   1.639576e+01   7.428019e+01   2.603301e+00   1.898789e-02   6.261008e-01   1.410303e+00   9.855467e-01   1.025034e+00   6.500766e-01   6.675594e+00   -3.907154e+00   0.000000e+00   
 98) 1.945746e-01   2.525352e-02   6.677857e-01   9.403279e-02   9.194794e-01   2.580216e+00   2.284663e+02   8.884479e+01   7.957425e+01   1.150406e+01   5.562600e+01   6.654124e+00   6.073867e-01   6.121951e-03   -8.502012e-01   9.969351e-01   1.002183e+00   5.548889e-01   9.890589e+00   -1.583776e+00   0.000000e+00   
 99) 9.907583e-02   2.104854e-02   7.847583e-01   1.853051e-01   9.997110e-01   2.971890e+00   2.218205e+02   3.167859e+01   1.675120e+02   6.337685e+00   8.829283e+01   8.887583e+00   6.558128e-01   3.252061e-01   1.229233e+00   1.010816e+00   1.042009e+00   7.265746e-01   9.675684e+00   -4.703452e-02   0.000000e+00   Hi I am here




Received : 1Received : 2Received : 3Received : 4 First run: Loading CAMB settings from: camb_settings.ini
 First run: Loading CAMB settings from: camb_settings.ini
 First run: Loading CAMB settings from: camb_settings.ini
 First run: Loading CAMB settings from: camb_settings.ini
 CAMB settings loaded and cached successfully.
 CAMB settings loaded and cached successfully.
 CAMB settings loaded and cached successfully.
 CAMB settings loaded and cached successfully.




Received (abcdefgh) : 3 1CALLING RUN_PLC from slave0----
clik version clik_16.0b1-13-g9c6a194aece4
  CAMspec e61cec87-3a37-43ca-8ed1-edcfcaf5c00a
Received (abcdefgh) : 4 1CALLING RUN_PLC from slave0----
clik version clik_16.0b1-13-g9c6a194aece4
  CAMspec e61cec87-3a37-43ca-8ed1-edcfcaf5c00a
Received (abcdefgh) : 1 1CALLING RUN_PLC from slave0----
clik version clik_16.0b1-13-g9c6a194aece4
  CAMspec e61cec87-3a37-43ca-8ed1-edcfcaf5c00a
Received (abcdefgh) : 2 1CALLING RUN_PLC from slave0----
clik version clik_16.0b1-13-g9c6a194aece4
  CAMspec e61cec87-3a37-43ca-8ed1-edcfcaf5c00a
Checking likelihood '/scratch/shambhavij.sps.iitmandi/SCoPE/data/CAMspec_v6.2TN_2013_02_26_dist.clik/' on test data. got -3910.32 expected -3908.71 (diff 1.60944)
----
Checking likelihood '/scratch/shambhavij.sps.iitmandi/SCoPE/data/CAMspec_v6.2TN_2013_02_26_dist.clik/' on test data. got -3910.32 expected -3908.71 (diff 1.60944)
----
Checking likelihood '/scratch/shambhavij.sps.iitmandi/SCoPE/data/CAMspec_v6.2TN_2013_02_26_dist.clik/' on test data. got -3910.32 expected -3908.71 (diff 1.60944)
----
Checking likelihood '/scratch/shambhavij.sps.iitmandi/SCoPE/data/CAMspec_v6.2TN_2013_02_26_dist.clik/' on test data. got -3910.32 expected -3908.71 (diff 1.60944)
----
----
clik version clik_16.0b1-13-g9c6a194aece4
  gibbs d462e865-e178-449a-ac29-5c16ab9b38f5
----
clik version clik_16.0b1-13-g9c6a194aece4
  gibbs d462e865-e178-449a-ac29-5c16ab9b38f5
----
clik version clik_16.0b1-13-g9c6a194aece4
  gibbs d462e865-e178-449a-ac29-5c16ab9b38f5
----
clik version clik_16.0b1-13-g9c6a194aece4
  gibbs d462e865-e178-449a-ac29-5c16ab9b38f5
Checking likelihood '/scratch/shambhavij.sps.iitmandi/SCoPE/data/commander_v4.1_lm49.clik/' on test data. got 3.2784 expected 3.2784 (diff -2.5556e-10)
----
Checking likelihood '/scratch/shambhavij.sps.iitmandi/SCoPE/data/commander_v4.1_lm49.clik/' on test data. got 3.2784 expected 3.2784 (diff -2.5556e-10)
----
Checking likelihood '/scratch/shambhavij.sps.iitmandi/SCoPE/data/commander_v4.1_lm49.clik/' on test data. got 3.2784 expected 3.2784 (diff -2.5556e-10)
----
Checking likelihood '/scratch/shambhavij.sps.iitmandi/SCoPE/data/commander_v4.1_lm49.clik/' on test data. got 3.2784 expected 3.2784 (diff -2.5556e-10)
----
 Initializing Planck low-likelihood, version v2.1
 Initializing Planck low-likelihood, version v2.1
 Initializing Planck low-likelihood, version v2.1
 Initializing Planck low-likelihood, version v2.1
----
clik version clik_16.0b1-13-g9c6a194aece4
  lowlike "lowlike v222"
----
clik version clik_16.0b1-13-g9c6a194aece4
  lowlike "lowlike v222"
----
clik version clik_16.0b1-13-g9c6a194aece4
  lowlike "lowlike v222"
----
clik version clik_16.0b1-13-g9c6a194aece4
  lowlike "lowlike v222"
Checking likelihood '/scratch/shambhavij.sps.iitmandi/SCoPE/data/lowlike_v222.clik/' on test data. got -1007.04 expected -1007.04 (diff -2.0215e-05)
----

--- Performing Parameter Mapping ---
DEBUG: The Likelihood (clik) requested the following 14 parameters:
   - [0] 'A_ps_100'
   - [1] 'A_ps_143'
   - [2] 'A_ps_217'
   - [3] 'A_cib_143'
   - [4] 'A_cib_217'
   - [5] 'A_sz'
   - [6] 'r_ps'
   - [7] 'r_cib'
   - [8] 'n_Dl_cib'
   - [9] 'cal_100'
   - [10] 'cal_217'
   - [11] 'xi_sz_cib'
   - [12] 'A_ksz'
   - [13] 'Bm_1_1'
------------------------------------
  [MAPPED] Omega_m_h2 -> CAMB Vector Index 0
  [MAPPED] Omega_b_h2 -> CAMB Vector Index 1
  [MAPPED] h -> CAMB Vector Index 2
  [MAPPED] tau -> CAMB Vector Index 3
  [MAPPED] n_s -> CAMB Vector Index 4
  [MAPPED] A_s -> CAMB Vector Index 5
  [MAPPED] A_ps_100 -> Nuisance Vector Index 0
  [MAPPED] A_ps_143 -> Nuisance Vector Index 1
  [MAPPED] A_ps_217 -> Nuisance Vector Index 2
  [MAPPED] A_cib_143 -> Nuisance Vector Index 3
  [MAPPED] A_cib_217 -> Nuisance Vector Index 4
  [MAPPED] A_sz -> Nuisance Vector Index 5
  [MAPPED] r_ps -> Nuisance Vector Index 6
  [MAPPED] r_cib -> Nuisance Vector Index 7
  [MAPPED] n_Dl_cib -> Nuisance Vector Index 8
  [MAPPED] cal_100 -> Nuisance Vector Index 9
  [MAPPED] cal_217 -> Nuisance Vector Index 10
  [MAPPED] xi_sz_cib -> Nuisance Vector Index 11
  [MAPPED] A_ksz -> Nuisance Vector Index 12
  [MAPPED] Bm_1_1 -> Nuisance Vector Index 13
------------------------------------

Checking likelihood '/scratch/shambhavij.sps.iitmandi/SCoPE/data/lowlike_v222.clik/' on test data. got -1007.04 expected -1007.04 (diff -2.0215e-05)
----

--- Performing Parameter Mapping ---
DEBUG: The Likelihood (clik) requested the following 14 parameters:
   - [0] 'A_ps_100'
   - [1] 'A_ps_143'
   - [2] 'A_ps_217'
   - [3] 'A_cib_143'
   - [4] 'A_cib_217'
   - [5] 'A_sz'
   - [6] 'r_ps'
   - [7] 'r_cib'
   - [8] 'n_Dl_cib'
   - [9] 'cal_100'
   - [10] 'cal_217'
   - [11] 'xi_sz_cib'
   - [12] 'A_ksz'
   - [13] 'Bm_1_1'
------------------------------------
  [MAPPED] Omega_m_h2 -> CAMB Vector Index 0
  [MAPPED] Omega_b_h2 -> CAMB Vector Index 1
  [MAPPED] h -> CAMB Vector Index 2
  [MAPPED] tau -> CAMB Vector Index 3
  [MAPPED] n_s -> CAMB Vector Index 4
  [MAPPED] A_s -> CAMB Vector Index 5
  [MAPPED] A_ps_100 -> Nuisance Vector Index 0
  [MAPPED] A_ps_143 -> Nuisance Vector Index 1
  [MAPPED] A_ps_217 -> Nuisance Vector Index 2
  [MAPPED] A_cib_143 -> Nuisance Vector Index 3
  [MAPPED] A_cib_217 -> Nuisance Vector Index 4
  [MAPPED] A_sz -> Nuisance Vector Index 5
  [MAPPED] r_ps -> Nuisance Vector Index 6
  [MAPPED] r_cib -> Nuisance Vector Index 7
  [MAPPED] n_Dl_cib -> Nuisance Vector Index 8
  [MAPPED] cal_100 -> Nuisance Vector Index 9
  [MAPPED] cal_217 -> Nuisance Vector Index 10
  [MAPPED] xi_sz_cib -> Nuisance Vector Index 11
  [MAPPED] A_ksz -> Nuisance Vector Index 12
  [MAPPED] Bm_1_1 -> Nuisance Vector Index 13
------------------------------------

Checking likelihood '/scratch/shambhavij.sps.iitmandi/SCoPE/data/lowlike_v222.clik/' on test data. got -1007.04 expected -1007.04 (diff -2.0215e-05)
----

--- Performing Parameter Mapping ---
DEBUG: The Likelihood (clik) requested the following 14 parameters:
   - [0] 'A_ps_100'
   - [1] 'A_ps_143'
   - [2] 'A_ps_217'
   - [3] 'A_cib_143'
   - [4] 'A_cib_217'
   - [5] 'A_sz'
   - [6] 'r_ps'
   - [7] 'r_cib'
   - [8] 'n_Dl_cib'
   - [9] 'cal_100'
   - [10] 'cal_217'
   - [11] 'xi_sz_cib'
   - [12] 'A_ksz'
   - [13] 'Bm_1_1'
------------------------------------
  [MAPPED] Omega_m_h2 -> CAMB Vector Index 0
  [MAPPED] Omega_b_h2 -> CAMB Vector Index 1
  [MAPPED] h -> CAMB Vector Index 2
  [MAPPED] tau -> CAMB Vector Index 3
  [MAPPED] n_s -> CAMB Vector Index 4
  [MAPPED] A_s -> CAMB Vector Index 5
  [MAPPED] A_ps_100 -> Nuisance Vector Index 0
  [MAPPED] A_ps_143 -> Nuisance Vector Index 1
  [MAPPED] A_ps_217 -> Nuisance Vector Index 2
  [MAPPED] A_cib_143 -> Nuisance Vector Index 3
  [MAPPED] A_cib_217 -> Nuisance Vector Index 4
  [MAPPED] A_sz -> Nuisance Vector Index 5
  [MAPPED] r_ps -> Nuisance Vector Index 6
  [MAPPED] r_cib -> Nuisance Vector Index 7
  [MAPPED] n_Dl_cib -> Nuisance Vector Index 8
  [MAPPED] cal_100 -> Nuisance Vector Index 9
  [MAPPED] cal_217 -> Nuisance Vector Index 10
  [MAPPED] xi_sz_cib -> Nuisance Vector Index 11
  [MAPPED] A_ksz -> Nuisance Vector Index 12
  [MAPPED] Bm_1_1 -> Nuisance Vector Index 13
------------------------------------

Checking likelihood '/scratch/shambhavij.sps.iitmandi/SCoPE/data/lowlike_v222.clik/' on test data. got -1007.04 expected -1007.04 (diff -2.0215e-05)
----

--- Performing Parameter Mapping ---
DEBUG: The Likelihood (clik) requested the following 14 parameters:
   - [0] 'A_ps_100'
   - [1] 'A_ps_143'
   - [2] 'A_ps_217'
   - [3] 'A_cib_143'
   - [4] 'A_cib_217'
   - [5] 'A_sz'
   - [6] 'r_ps'
   - [7] 'r_cib'
   - [8] 'n_Dl_cib'
   - [9] 'cal_100'
   - [10] 'cal_217'
   - [11] 'xi_sz_cib'
   - [12] 'A_ksz'
   - [13] 'Bm_1_1'
------------------------------------
  [MAPPED] Omega_m_h2 -> CAMB Vector Index 0
  [MAPPED] Omega_b_h2 -> CAMB Vector Index 1
  [MAPPED] h -> CAMB Vector Index 2
  [MAPPED] tau -> CAMB Vector Index 3
  [MAPPED] n_s -> CAMB Vector Index 4
  [MAPPED] A_s -> CAMB Vector Index 5
  [MAPPED] A_ps_100 -> Nuisance Vector Index 0
  [MAPPED] A_ps_143 -> Nuisance Vector Index 1
  [MAPPED] A_ps_217 -> Nuisance Vector Index 2
  [MAPPED] A_cib_143 -> Nuisance Vector Index 3
  [MAPPED] A_cib_217 -> Nuisance Vector Index 4
  [MAPPED] A_sz -> Nuisance Vector Index 5
  [MAPPED] r_ps -> Nuisance Vector Index 6
  [MAPPED] r_cib -> Nuisance Vector Index 7
  [MAPPED] n_Dl_cib -> Nuisance Vector Index 8
  [MAPPED] cal_100 -> Nuisance Vector Index 9
  [MAPPED] cal_217 -> Nuisance Vector Index 10
  [MAPPED] xi_sz_cib -> Nuisance Vector Index 11
  [MAPPED] A_ksz -> Nuisance Vector Index 12
  [MAPPED] Bm_1_1 -> Nuisance Vector Index 13
------------------------------------


Chisquare : 2.715227e+07
Chisquare is (3): 2.715227e+07

This is :


I will now send : 2.715227e+07
This is a test

Chisquare : 2.871335e+07
Chisquare is (4): 2.871335e+07

This is :


I will now send : 2.871335e+07
This is a test

Chisquare : 2.673666e+07
Chisquare is (1): 2.673666e+07

This is :


I will now send : 2.673666e+07
This is a test

Chisquare : 2.735060e+07
Chisquare is (2): 2.735060e+07

This is :


I will now send : 2.735060e+07Sending Now : 25 100Recv from 3 25Recv from 4 25Recv from 1 25Recv from 2 25I am now here : 25 

This is a test




Received : 3
Received : 1
Received : 2
Received : 4
Received (abcdefgh) : 3 1CALLING RUN_PLC from slave0
Chisquare : 3.966888e+04
Chisquare is (3): 3.966888e+04

This is :


I will now send : 3.966888e+04
This is a test
Received (abcdefgh) : 1 1CALLING RUN_PLC from slave0
Chisquare : 4.427610e+04
Chisquare is (1): 4.427610e+04

This is :


I will now send : 4.427610e+04
This is a test
Received (abcdefgh) : 2 1CALLING RUN_PLC from slave0
Chisquare : 9.081654e+04
Chisquare is (2): 9.081654e+04

This is :


I will now send : 9.081654e+04
This is a test

Sending Now : 25 100Recv from 3 25Recv from 1 25Recv from 2 25Recv from 4 25I am now here : 25 
Received (abcdefgh) : 4 1CALLING RUN_PLC from slave0
Chisquare : 3.934920e+04
Chisquare is (4): 3.934920e+04

This is :


I will now send : 3.934920e+04
This is a test



Received : 3
Received : 1
Received : 2
Received : 4
Received (abcdefgh) : 3 1CALLING RUN_PLC from slave0
Chisquare : 2.899957e+04
Chisquare is (3): 2.899957e+04

This is :


I will now send : 2.899957e+04
This is a test
Received (abcdefgh) : 1 1CALLING RUN_PLC from slave0
Chisquare : 1.006524e+05
Chisquare is (1): 1.006524e+05

This is :


I will now send : 1.006524e+05
This is a test
Received (abcdefgh) : 2 1CALLING RUN_PLC from slave0
Chisquare : 2.761877e+04
Chisquare is (2): 2.761877e+04

This is :


I will now send : 2.761877e+04
This is a test
Received (abcdefgh) : 4 1CALLING RUN_PLC from slave0
Chisquare : 1.012960e+05
Chisquare is (4): 1.012960e+05

This is :


I will now send : 1.012960e+05
This is a test

Sending Now : 25 100Recv from 3 25Recv from 1 25Recv from 2 25Recv from 4 25I am now here : 25 



Received : 1
Received : 2
Received : 4
Received : 3
Received (abcdefgh) : 4 1CALLING RUN_PLC from slave0
Chisquare : 1.989614e+04
Chisquare is (4): 1.989614e+04

This is :


I will now send : 1.989614e+04
This is a test
Received (abcdefgh) : 2 1CALLING RUN_PLC from slave0
Chisquare : 1.372951e+05
Chisquare is (2): 1.372951e+05

This is :


I will now send : 1.372951e+05
This is a test
Received (abcdefgh) : 1 1CALLING RUN_PLC from slave0
Chisquare : 3.670051e+04
Chisquare is (1): 3.670051e+04

This is :


I will now send : 3.670051e+04
This is a test
Received (abcdefgh) : 3 1CALLING RUN_PLC from slave0
Chisquare : 4.394339e+04
Chisquare is (3): 4.394339e+04

This is :


I will now send : 4.394339e+04
This is a test

Sending Now : 25 100Recv from 4 25Recv from 2 25Recv from 1 25Recv from 3 25I am now here : 25 



